<?xml version="1.0" encoding="UTF-8"?>
<!-- Generated by org.testng.reporters.JUnitReportReporter -->
<testsuite skipped="0" hostname="JSM" name="MavenProject.TabletTest" tests="2" failures="0" timestamp="2020-04-26T09:03:28 IST" time="0.001" errors="0">
  <testcase name="Whatsapp" time="0.000" classname="MavenProject.TabletTest"/>
  <system-out/>
  <testcase name="Linkedin" time="0.001" classname="MavenProject.TabletTest"/>
  <system-out/>
</testsuite> <!-- MavenProject.TabletTest -->
