<?xml version="1.0" encoding="UTF-8"?>
<!-- Generated by org.testng.reporters.JUnitReportReporter -->
<testsuite skipped="0" hostname="JSM" name="MavenProject.MobileTest" tests="2" failures="0" timestamp="2020-04-26T09:04:02 IST" time="0.017" errors="0">
  <testcase name="InternetExplorer" time="0.001" classname="MavenProject.MobileTest"/>
  <system-out/>
  <testcase name="Google" time="0.016" classname="MavenProject.MobileTest"/>
  <system-out/>
</testsuite> <!-- MavenProject.MobileTest -->
