<?xml version="1.0" encoding="UTF-8"?>
<!-- Generated by org.testng.reporters.JUnitReportReporter -->
<testsuite skipped="0" hostname="JSM" name="MavenProject.WebTest" tests="2" failures="0" timestamp="2020-04-26T09:04:02 IST" time="0.001" errors="0">
  <testcase name="Twitter" time="0.001" classname="MavenProject.WebTest"/>
  <system-out/>
  <testcase name="Facebook" time="0.000" classname="MavenProject.WebTest"/>
  <system-out/>
</testsuite> <!-- MavenProject.WebTest -->
